#
# A fatal error has been detected by the Java Runtime Environment:
#
#  EXCEPTION_STACK_OVERFLOW (0xc00000fd) at pc=0x00007ff9d66513f3, pid=19240, tid=30216
#
# JRE version: Java(TM) SE Runtime Environment (15.0.2+7) (build 15.0.2+7-27)
# Java VM: Java HotSpot(TM) 64-Bit Server VM (15.0.2+7-27, mixed mode, sharing, tiered, compressed oops, g1 gc, windows-amd64)
# Problematic frame:
# V  [jvm.dll+0x3513f3]
#
# No core dump will be written. Minidumps are not enabled by default on client versions of Windows
#
# If you would like to submit a bug report, please visit:
#   https://bugreport.java.com/bugreport/crash.jsp
#

---------------  S U M M A R Y ------------

Command Line: --add-opens=java.base/java.util=ALL-UNNAMED --add-opens=java.base/java.lang=ALL-UNNAMED --add-opens=java.base/java.lang.invoke=ALL-UNNAMED --add-opens=java.prefs/java.util.prefs=ALL-UNNAMED -XX:MaxMetaspaceSize=256m -XX:+HeapDumpOnOutOfMemoryError -Xms256m -Xmx512m -Dfile.encoding=x-windows-949 -Duser.country=KR -Duser.language=ko -Duser.variant org.gradle.launcher.daemon.bootstrap.GradleDaemon 6.8.3

Host: Intel(R) Core(TM) i5-3570 CPU @ 3.40GHz, 4 cores, 13G,  Windows 10 , 64 bit Build 18362 (10.0.18362.1082)
Time: Thu Apr  1 06:46:23 2021 ¢¥eCN©öI¡¾©ö C¡ÍA¨ª¨öA elapsed time: 35.296429 seconds (0d 0h 0m 35s)

---------------  T H R E A D  ---------------

Current thread (0x0000027ffb090580):  JavaThread "/127.0.0.1:2813 to /127.0.0.1:2814 workers Thread 4" [_thread_in_vm, id=30216, stack(0x000000936c600000,0x000000936c700000)]

Stack: [0x000000936c600000,0x000000936c700000],  sp=0x000000936c6ff740,  free space=1021k
Native frames: (J=compiled Java code, j=interpreted, Vv=VM code, C=native code)
V  [jvm.dll+0x3513f3]
V  [jvm.dll+0x62adc2]
V  [jvm.dll+0x351ed1]
V  [jvm.dll+0x352167]
V  [jvm.dll+0x3da791]
V  [jvm.dll+0x74495d]
V  [jvm.dll+0x73d75a]
