#
# There is insufficient memory for the Java Runtime Environment to continue.
# Native memory allocation (malloc) failed to allocate 2058528 bytes for Chunk::new
# Possible reasons:
#   The system is out of physical RAM or swap space
#   The process is running with CompressedOops enabled, and the Java Heap may be blocking the growth of the native heap
# Possible solutions:
#   Reduce memory load on the system
#   Increase physical memory or swap space
#   Check if swap backing store is full
#   Decrease Java heap size (-Xmx/-Xms)
#   Decrease number of Java threads
#   Decrease Java thread stack sizes (-Xss)
#   Set larger code cache with -XX:ReservedCodeCacheSize=
#   JVM is running with Unscaled Compressed Oops mode in which the Java heap is
#     placed in the first 4GB address space. The Java Heap base address is the
#     maximum limit for the native heap growth. Please use -XX:HeapBaseMinAddress
#     to set the Java Heap base and to place the Java Heap above 4GB virtual address.
# This output file may be truncated or incomplete.
#
#  Out of Memory Error (./open/src/hotspot/share/memory/arena.cpp:195), pid=20848, tid=33376
#
# JRE version: Java(TM) SE Runtime Environment (15.0.2+7) (build 15.0.2+7-27)
# Java VM: Java HotSpot(TM) 64-Bit Server VM (15.0.2+7-27, mixed mode, sharing, tiered, compressed oops, g1 gc, windows-amd64)
# No core dump will be written. Minidumps are not enabled by default on client versions of Windows
#

---------------  S U M M A R Y ------------

Command Line: -Dorg.gradle.native=false -Xmx512m -Dfile.encoding=x-windows-949 -Duser.country=KR -Duser.language=ko -Duser.variant -ea worker.org.gradle.process.internal.worker.GradleWorkerMain 'Gradle Test Executor 1'

Host: Intel(R) Core(TM) i5-3570 CPU @ 3.40GHz, 4 cores, 13G,  Windows 10 , 64 bit Build 18362 (10.0.18362.1082)
Time: Thu Apr  1 06:46:25 2021 ¢¥eCN©öI¡¾©ö C¡ÍA¨ª¨öA elapsed time: 2.636642 seconds (0d 0h 0m 2s)

---------------  T H R E A D  ---------------

Current thread (0x0000018164185780):  JavaThread "C2 CompilerThread1" daemon [_thread_in_native, id=33376, stack(0x00000001e3400000,0x00000001e3500000)]


Current CompileTask:
C2:   2636 1910       4       java.lang.invoke.MethodType::makeImpl (108 bytes)

Stack: [0x00000001e3400000,0x00000001e3500000]
Native frames: (J=compiled Java code, j=interpreted, Vv=VM code, C=native code)
V  [jvm.dll+0x62ae9a]
V  [jvm.dll+0x7817a9]
V  [jvm.dll+0x782f03]
V  [jvm.dll+0x783563]
V  [jvm.dll+0x216325]
V  [jvm.dll+0x97f3a]
V  [jvm.dll+0x9861c]
V  [jvm.dll+0x32e305]
V  [jvm.dll+0x2f768a]
V  [jvm.dll+0x2f6a4a]
V  [jvm.dll+0x1ea705]
V  [jvm.dll+0x1e996e]
V  [jvm.dll+0x178567]
V  [jvm.dll+0x1f9225]
V  [jvm.dll+0x1f72cc]
V  [jvm.dll+0x74495d]
V  [jvm.dll+0x73d75a]
V  [jvm.dll+0x629c56]
C  [ucrtbase.dll+0x20e82]
C  [KERNEL32.DLL+0x17bd4]
C  [ntdll.dll+0x6ce51]


---------------  P R O C E S S  ---------------

Threads class SMR info:
_java_thread_list=0x000001816414e630, length=15, elements={
0x0000018148692640, 0x0000018162fa0920, 0x0000018162fa21b0, 0x0000018162fb9740,
0x0000018162fbc010, 0x0000018162fbd9e0, 0x0000018162fc0fb0, 0x0000018162fc5dd0,
0x0000018162fc7cb0, 0x0000018163908210, 0x000001816390ee60, 0x00000181640dbc60,
0x00000181640eaba0, 0x000001816414faa0, 0x0000018164185780
}

Java Threads: ( => current thread )
  0x0000018148692640 JavaThread "main" [_thread_blocked, id=35296, stack(0x00000001e1a00000,0x00000001e1b00000)]
  0x0000018162fa0920 JavaThread "Reference Handler" daemon [_thread_blocked, id=33308, stack(0x00000001e2100000,0x00000001e2200000)]
  0x0000018162fa21b0 JavaThread "Finalizer" daemon [_thread_blocked, id=7596, stack(0x00000001e2200000,0x00000001e2300000)]
  0x0000018162fb9740 JavaThread "Signal Dispatcher" daemon [_thread_blocked, id=28196, stack(0x00000001e2300000,0x00000001e2400000)]
  0x0000018162fbc010 JavaThread "Attach Listener" daemon [_thread_blocked, id=36756, stack(0x00000001e2400000,0x00000001e2500000)]
  0x0000018162fbd9e0 JavaThread "Service Thread" daemon [_thread_blocked, id=36156, stack(0x00000001e2500000,0x00000001e2600000)]
  0x0000018162fc0fb0 JavaThread "C2 CompilerThread0" daemon [_thread_blocked, id=35528, stack(0x00000001e2600000,0x00000001e2700000)]
  0x0000018162fc5dd0 JavaThread "C1 CompilerThread0" daemon [_thread_in_native, id=36468, stack(0x00000001e2700000,0x00000001e2800000)]
  0x0000018162fc7cb0 JavaThread "Sweeper thread" daemon [_thread_blocked, id=26756, stack(0x00000001e2800000,0x00000001e2900000)]
  0x0000018163908210 JavaThread "Notification Thread" daemon [_thread_blocked, id=37800, stack(0x00000001e2900000,0x00000001e2a00000)]
  0x000001816390ee60 JavaThread "Common-Cleaner" daemon [_thread_blocked, id=37708, stack(0x00000001e2b00000,0x00000001e2c00000)]
  0x00000181640dbc60 JavaThread "Test worker" [_thread_in_Java, id=31552, stack(0x00000001e3100000,0x00000001e3200000)]
  0x00000181640eaba0 JavaThread "/127.0.0.1:2814 to /127.0.0.1:2813 workers Thread 2" [_thread_blocked, id=34316, stack(0x00000001e3200000,0x00000001e3300000)]
  0x000001816414faa0 JavaThread "/127.0.0.1:2814 to /127.0.0.1:2813 workers Thread 3" [_thread_in_native, id=36832, stack(0x00000001e3300000,0x00000001e3400000)]
=>0x0000018164185780 JavaThread "C2 CompilerThread1" daemon [_thread_in_native, id=33376, stack(0x00000001e3400000,0x00000001e3500000)]

Other Threads:
  0x0000018162f9c5e0 VMThread "VM Thread" [stack: 0x00000001e2000000,0x00000001e2100000] [id=32576]
  0x0000018163909f10 WatcherThread [stack: 0x00000001e2a00000,0x00000001e2b00000] [id=10844]
  0x00000181486b5ce0 GCTaskThread "GC Thread#0" [stack: 0x00000001e1b00000,0x00000001e1c00000] [id=35032]
  0x00000181640a36e0 GCTaskThread "GC Thread#1" [stack: 0x00000001e2c00000,0x00000001e2d00000] [id=17396]
  0x00000181640a6050 GCTaskThread "GC Thread#2" [stack: 0x00000001e2d00000,0x00000001e2e00000] [id=1228]
  0x00000181640a59f0 GCTaskThread "GC Thread#3" [stack: 0x00000001e2e00000,0x00000001e2f00000] [id=21680]
  0x00000181486bbe50 ConcurrentGCThread "G1 Main Marker" [stack: 0x00000001e1c00000,0x00000001e1d00000] [id=37076]
  0x00000181486be100 ConcurrentGCThread "G1 Conc#0" [stack: 0x00000001e1d00000,0x00000001e1e00000] [id=4584]
  0x000001814874e930 ConcurrentGCThread "G1 Refine#0" [stack: 0x00000001e1e00000,0x00000001e1f00000] [id=36188]
  0x000001816397b580 ConcurrentGCThread "G1 Refine#1" [stack: 0x00000001e2f00000,0x00000001e3000000] [id=34380]
  0x0000018162e18620 ConcurrentGCThread "G1 Young RemSet Sampling" [stack: 0x00000001e1f00000,0x00000001e2000000] [id=15432]

Threads with active compile tasks:
C2 CompilerThread1     2684 1910       4       java.lang.invoke.MethodType::makeImpl (108 bytes)

VM state: not at safepoint (normal execution)

VM Mutex/Monitor currently owned by a thread: None

Heap address: 0x00000000e0000000, size: 512 MB, Compressed Oops mode: 32-bit
CDS archive(s) mapped at: [0x0000000800000000-0x0000000800b50000-0x0000000800b50000), size 11862016, SharedBaseAddress: 0x0000000800000000, ArchiveRelocationMode: 0.
Compressed class space mapped at: 0x0000000800b50000-0x0000000840b50000, size: 1073741824
Narrow klass base: 0x0000000800000000, Narrow klass shift: 3, Narrow klass range: 0x100000000

GC Precious Log:
 CPUs: 4 total, 4 available
 Memory: 14301M
 Large Page Support: Disabled
 NUMA Support: Disabled
 Compressed Oops: Enabled (32-bit)
 Heap Region Size: 1M
 Heap Min Capacity: 8M
 Heap Initial Capacity: 224M
 Heap Max Capacity: 512M
 Pre-touch: Disabled
 Parallel Workers: 4
 Concurrent Workers: 1
 Concurrent Refinement Workers: 4
 Periodic GC: Disabled

Heap:
 garbage-first heap   total 229376K, used 29999K [0x00000000e0000000, 0x0000000100000000)
  region size 1024K, 23 young (23552K), 3 survivors (3072K)
 Metaspace       used 14377K, capacity 14690K, committed 14848K, reserved 1062912K
  class space    used 1879K, capacity 1979K, committed 2048K, reserved 1048576K

Heap Regions: E=young(eden), S=young(survivor), O=old, HS=humongous(starts), HC=humongous(continues), CS=collection set, F=free, OA=open archive, CA=closed archive, TAMS=top-at-mark-start (previous, next)
|   0|0x00000000e0000000, 0x00000000e0100000, 0x00000000e0100000|100%|HS|  |TAMS 0x00000000e0000000, 0x00000000e0000000| Complete 
|   1|0x00000000e0100000, 0x00000000e0200000, 0x00000000e0200000|100%| O|  |TAMS 0x00000000e0100000, 0x00000000e0100000| Untracked 
|   2|0x00000000e0200000, 0x00000000e0300000, 0x00000000e0300000|100%| O|  |TAMS 0x00000000e0200000, 0x00000000e0200000| Untracked 
|   3|0x00000000e0300000, 0x00000000e0400000, 0x00000000e0400000|100%| O|  |TAMS 0x00000000e0300000, 0x00000000e0300000| Untracked 
|   4|0x00000000e0400000, 0x00000000e0500000, 0x00000000e0500000|100%| O|  |TAMS 0x00000000e0400000, 0x00000000e0400000| Untracked 
|   5|0x00000000e0500000, 0x00000000e0600000, 0x00000000e0600000|100%| O|  |TAMS 0x00000000e0500000, 0x00000000e0500000| Untracked 
|   6|0x00000000e0600000, 0x00000000e0700000, 0x00000000e0700000|100%| O|  |TAMS 0x00000000e0600000, 0x00000000e0600000| Untracked 
|   7|0x00000000e0700000, 0x00000000e0800000, 0x00000000e0800000|100%| O|  |TAMS 0x00000000e0700000, 0x00000000e0700000| Untracked 
|   8|0x00000000e0800000, 0x00000000e0826600, 0x00000000e0900000| 14%| O|  |TAMS 0x00000000e0800000, 0x00000000e0800000| Untracked 
|   9|0x00000000e0900000, 0x00000000e0900000, 0x00000000e0a00000|  0%| F|  |TAMS 0x00000000e0900000, 0x00000000e0900000| Untracked 
|  10|0x00000000e0a00000, 0x00000000e0a00000, 0x00000000e0b00000|  0%| F|  |TAMS 0x00000000e0a00000, 0x00000000e0a00000| Untracked 
|  11|0x00000000e0b00000, 0x00000000e0b00000, 0x00000000e0c00000|  0%| F|  |TAMS 0x00000000e0b00000, 0x00000000e0b00000| Untracked 
|  12|0x00000000e0c00000, 0x00000000e0c00000, 0x00000000e0d00000|  0%| F|  |TAMS 0x00000000e0c00000, 0x00000000e0c00000| Untracked 
|  13|0x00000000e0d00000, 0x00000000e0d00000, 0x00000000e0e00000|  0%| F|  |TAMS 0x00000000e0d00000, 0x00000000e0d00000| Untracked 
|  14|0x00000000e0e00000, 0x00000000e0e00000, 0x00000000e0f00000|  0%| F|  |TAMS 0x00000000e0e00000, 0x00000000e0e00000| Untracked 
|  15|0x00000000e0f00000, 0x00000000e0f00000, 0x00000000e1000000|  0%| F|  |TAMS 0x00000000e0f00000, 0x00000000e0f00000| Untracked 
|  16|0x00000000e1000000, 0x00000000e1000000, 0x00000000e1100000|  0%| F|  |TAMS 0x00000000e1000000, 0x00000000e1000000| Untracked 
|  17|0x00000000e1100000, 0x00000000e1100000, 0x00000000e1200000|  0%| F|  |TAMS 0x00000000e1100000, 0x00000000e1100000| Untracked 
|  18|0x00000000e1200000, 0x00000000e1200000, 0x00000000e1300000|  0%| F|  |TAMS 0x00000000e1200000, 0x00000000e1200000| Untracked 
|  19|0x00000000e1300000, 0x00000000e1300000, 0x00000000e1400000|  0%| F|  |TAMS 0x00000000e1300000, 0x00000000e1300000| Untracked 
|  20|0x00000000e1400000, 0x00000000e1400000, 0x00000000e1500000|  0%| F|  |TAMS 0x00000000e1400000, 0x00000000e1400000| Untracked 
|  21|0x00000000e1500000, 0x00000000e1500000, 0x00000000e1600000|  0%| F|  |TAMS 0x00000000e1500000, 0x00000000e1500000| Untracked 
|  22|0x00000000e1600000, 0x00000000e1600000, 0x00000000e1700000|  0%| F|  |TAMS 0x00000000e1600000, 0x00000000e1600000| Untracked 
|  23|0x00000000e1700000, 0x00000000e1700000, 0x00000000e1800000|  0%| F|  |TAMS 0x00000000e1700000, 0x00000000e1700000| Untracked 
|  24|0x00000000e1800000, 0x00000000e1800000, 0x00000000e1900000|  0%| F|  |TAMS 0x00000000e1800000, 0x00000000e1800000| Untracked 
|  25|0x00000000e1900000, 0x00000000e1900000, 0x00000000e1a00000|  0%| F|  |TAMS 0x00000000e1900000, 0x00000000e1900000| Untracked 
|  26|0x00000000e1a00000, 0x00000000e1a00000, 0x00000000e1b00000|  0%| F|  |TAMS 0x00000000e1a00000, 0x00000000e1a00000| Untracked 
|  27|0x00000000e1b00000, 0x00000000e1b00000, 0x00000000e1c00000|  0%| F|  |TAMS 0x00000000e1b00000, 0x00000000e1b00000| Untracked 
|  28|0x00000000e1c00000, 0x00000000e1c00000, 0x00000000e1d00000|  0%| F|  |TAMS 0x00000000e1c00000, 0x00000000e1c00000| Untracked 
|  29|0x00000000e1d00000, 0x00000000e1d00000, 0x00000000e1e00000|  0%| F|  |TAMS 0x00000000e1d00000, 0x00000000e1d00000| Untracked 
|  30|0x00000000e1e00000, 0x00000000e1e00000, 0x00000000e1f00000|  0%| F|  |TAMS 0x00000000e1e00000, 0x00000000e1e00000| Untracked 
|  31|0x00000000e1f00000, 0x00000000e1f00000, 0x00000000e2000000|  0%| F|  |TAMS 0x00000000e1f00000, 0x00000000e1f00000| Untracked 
|  32|0x00000000e2000000, 0x00000000e2000000, 0x00000000e2100000|  0%| F|  |TAMS 0x00000000e2000000, 0x00000000e2000000| Untracked 
|  33|0x00000000e2100000, 0x00000000e2100000, 0x00000000e2200000|  0%| F|  |TAMS 0x00000000e2100000, 0x00000000e2100000| Untracked 
|  34|0x00000000e2200000, 0x00000000e2200000, 0x00000000e2300000|  0%| F|  |TAMS 0x00000000e2200000, 0x00000000e2200000| Untracked 
|  35|0x00000000e2300000, 0x00000000e2300000, 0x00000000e2400000|  0%| F|  |TAMS 0x00000000e2300000, 0x00000000e2300000| Untracked 
|  36|0x00000000e2400000, 0x00000000e2400000, 0x00000000e2500000|  0%| F|  |TAMS 0x00000000e2400000, 0x00000000e2400000| Untracked 
|  37|0x00000000e2500000, 0x00000000e2500000, 0x00000000e2600000|  0%| F|  |TAMS 0x00000000e2500000, 0x00000000e2500000| Untracked 
|  38|0x00000000e2600000, 0x00000000e2600000, 0x00000000e2700000|  0%| F|  |TAMS 0x00000000e2600000, 0x00000000e2600000| Untracked 
|  39|0x00000000e2700000, 0x00000000e2700000, 0x00000000e2800000|  0%| F|  |TAMS 0x00000000e2700000, 0x00000000e2700000| Untracked 
|  40|0x00000000e2800000, 0x00000000e2800000, 0x00000000e2900000|  0%| F|  |TAMS 0x00000000e2800000, 0x00000000e2800000| Untracked 
|  41|0x00000000e2900000, 0x00000000e2900000, 0x00000000e2a00000|  0%| F|  |TAMS 0x00000000e2900000, 0x00000000e2900000| Untracked 
|  42|0x00000000e2a00000, 0x00000000e2a00000, 0x00000000e2b00000|  0%| F|  |TAMS 0x00000000e2a00000, 0x00000000e2a00000| Untracked 
|  43|0x00000000e2b00000, 0x00000000e2b00000, 0x00000000e2c00000|  0%| F|  |TAMS 0x00000000e2b00000, 0x00000000e2b00000| Untracked 
|  44|0x00000000e2c00000, 0x00000000e2c00000, 0x00000000e2d00000|  0%| F|  |TAMS 0x00000000e2c00000, 0x00000000e2c00000| Untracked 
|  45|0x00000000e2d00000, 0x00000000e2d00000, 0x00000000e2e00000|  0%| F|  |TAMS 0x00000000e2d00000, 0x00000000e2d00000| Untracked 
|  46|0x00000000e2e00000, 0x00000000e2e00000, 0x00000000e2f00000|  0%| F|  |TAMS 0x00000000e2e00000, 0x00000000e2e00000| Untracked 
|  47|0x00000000e2f00000, 0x00000000e2f00000, 0x00000000e3000000|  0%| F|  |TAMS 0x00000000e2f00000, 0x00000000e2f00000| Untracked 
|  48|0x00000000e3000000, 0x00000000e3000000, 0x00000000e3100000|  0%| F|  |TAMS 0x00000000e3000000, 0x00000000e3000000| Untracked 
|  49|0x00000000e3100000, 0x00000000e3100000, 0x00000000e3200000|  0%| F|  |TAMS 0x00000000e3100000, 0x00000000e3100000| Untracked 
|  50|0x00000000e3200000, 0x00000000e3200000, 0x00000000e3300000|  0%| F|  |TAMS 0x00000000e3200000, 0x00000000e3200000| Untracked 
|  51|0x00000000e3300000, 0x00000000e3300000, 0x00000000e3400000|  0%| F|  |TAMS 0x00000000e3300000, 0x00000000e3300000| Untracked 
|  52|0x00000000e3400000, 0x00000000e3400000, 0x00000000e3500000|  0%| F|  |TAMS 0x00000000e3400000, 0x00000000e3400000| Untracked 
|  53|0x00000000e3500000, 0x00000000e3500000, 0x00000000e3600000|  0%| F|  |TAMS 0x00000000e3500000, 0x00000000e3500000| Untracked 
|  54|0x00000000e3600000, 0x00000000e3600000, 0x00000000e3700000|  0%| F|  |TAMS 0x00000000e3600000, 0x00000000e3600000| Untracked 
|  55|0x00000000e3700000, 0x00000000e3700000, 0x00000000e3800000|  0%| F|  |TAMS 0x00000000e3700000, 0x00000000e3700000| Untracked 
|  56|0x00000000e3800000, 0x00000000e3800000, 0x00000000e3900000|  0%| F|  |TAMS 0x00000000e3800000, 0x00000000e3800000| Untracked 
|  57|0x00000000e3900000, 0x00000000e3900000, 0x00000000e3a00000|  0%| F|  |TAMS 0x00000000e3900000, 0x00000000e3900000| Untracked 
|  58|0x00000000e3a00000, 0x00000000e3a00000, 0x00000000e3b00000|  0%| F|  |TAMS 0x00000000e3a00000, 0x00000000e3a00000| Untracked 
|  59|0x00000000e3b00000, 0x00000000e3b00000, 0x00000000e3c00000|  0%| F|  |TAMS 0x00000000e3b00000, 0x00000000e3b00000| Untracked 
|  60|0x00000000e3c00000, 0x00000000e3c00000, 0x00000000e3d00000|  0%| F|  |TAMS 0x00000000e3c00000, 0x00000000e3c00000| Untracked 
|  61|0x00000000e3d00000, 0x00000000e3d00000, 0x00000000e3e00000|  0%| F|  |TAMS 0x00000000e3d00000, 0x00000000e3d00000| Untracked 
|  62|0x00000000e3e00000, 0x00000000e3e00000, 0x00000000e3f00000|  0%| F|  |TAMS 0x00000000e3e00000, 0x00000000e3e00000| Untracked 
|  63|0x00000000e3f00000, 0x00000000e3f00000, 0x00000000e4000000|  0%| F|  |TAMS 0x00000000e3f00000, 0x00000000e3f00000| Untracked 
|  64|0x00000000e4000000, 0x00000000e4000000, 0x00000000e4100000|  0%| F|  |TAMS 0x00000000e4000000, 0x00000000e4000000| Untracked 
|  65|0x00000000e4100000, 0x00000000e4100000, 0x00000000e4200000|  0%| F|  |TAMS 0x00000000e4100000, 0x00000000e4100000| Untracked 
|  66|0x00000000e4200000, 0x00000000e4200000, 0x00000000e4300000|  0%| F|  |TAMS 0x00000000e4200000, 0x00000000e4200000| Untracked 
|  67|0x00000000e4300000, 0x00000000e4300000, 0x00000000e4400000|  0%| F|  |TAMS 0x00000000e4300000, 0x00000000e4300000| Untracked 
|  68|0x00000000e4400000, 0x00000000e4400000, 0x00000000e4500000|  0%| F|  |TAMS 0x00000000e4400000, 0x00000000e4400000| Untracked 
|  69|0x00000000e4500000, 0x00000000e4500000, 0x00000000e4600000|  0%| F|  |TAMS 0x00000000e4500000, 0x00000000e4500000| Untracked 
|  70|0x00000000e4600000, 0x00000000e4600000, 0x00000000e4700000|  0%| F|  |TAMS 0x00000000e4600000, 0x00000000e4600000| Untracked 
|  71|0x00000000e4700000, 0x00000000e4700000, 0x00000000e4800000|  0%| F|  |TAMS 0x00000000e4700000, 0x00000000e4700000| Untracked 
|  72|0x00000000e4800000, 0x00000000e4800000, 0x00000000e4900000|  0%| F|  |TAMS 0x00000000e4800000, 0x00000000e4800000| Untracked 
|  73|0x00000000e4900000, 0x00000000e4900000, 0x00000000e4a00000|  0%| F|  |TAMS 0x00000000e4900000, 0x00000000e4900000| Untracked 
|  74|0x00000000e4a00000, 0x00000000e4a00000, 0x00000000e4b00000|  0%| F|  |TAMS 0x00000000e4a00000, 0x00000000e4a00000| Untracked 
|  75|0x00000000e4b00000, 0x00000000e4b00000, 0x00000000e4c00000|  0%| F|  |TAMS 0x00000000e4b00000, 0x00000000e4b00000| Untracked 
|  76|0x00000000e4c00000, 0x00000000e4c00000, 0x00000000e4d00000|  0%| F|  |TAMS 0x00000000e4c00000, 0x00000000e4c00000| Untracked 
|  77|0x00000000e4d00000, 0x00000000e4d00000, 0x00000000e4e00000|  0%| F|  |TAMS 0x00000000e4d00000, 0x00000000e4d00000| Untracked 
|  78|0x00000000e4e00000, 0x00000000e4e00000, 0x00000000e4f00000|  0%| F|  |TAMS 0x00000000e4e00000, 0x00000000e4e00000| Untracked 
|  79|0x00000000e4f00000, 0x00000000e4f00000, 0x00000000e5000000|  0%| F|  |TAMS 0x00000000e4f00000, 0x00000000e4f00000| Untracked 
|  80|0x00000000e5000000, 0x00000000e5000000, 0x00000000e5100000|  0%| F|  |TAMS 0x00000000e5000000, 0x00000000e5000000| Untracked 
|  81|0x00000000e5100000, 0x00000000e5100000, 0x00000000e5200000|  0%| F|  |TAMS 0x00000000e5100000, 0x00000000e5100000| Untracked 
|  82|0x00000000e5200000, 0x00000000e5200000, 0x00000000e5300000|  0%| F|  |TAMS 0x00000000e5200000, 0x00000000e5200000| Untracked 
|  83|0x00000000e5300000, 0x00000000e5300000, 0x00000000e5400000|  0%| F|  |TAMS 0x00000000e5300000, 0x00000000e5300000| Untracked 
|  84|0x00000000e5400000, 0x00000000e5400000, 0x00000000e5500000|  0%| F|  |TAMS 0x00000000e5400000, 0x00000000e5400000| Untracked 
|  85|0x00000000e5500000, 0x00000000e5500000, 0x00000000e5600000|  0%| F|  |TAMS 0x00000000e5500000, 0x00000000e5500000| Untracked 
|  86|0x00000000e5600000, 0x00000000e5600000, 0x00000000e5700000|  0%| F|  |TAMS 0x00000000e5600000, 0x00000000e5600000| Untracked 
|  87|0x00000000e5700000, 0x00000000e5700000, 0x00000000e5800000|  0%| F|  |TAMS 0x00000000e5700000, 0x00000000e5700000| Untracked 
|  88|0x00000000e5800000, 0x00000000e5800000, 0x00000000e5900000|  0%| F|  |TAMS 0x00000000e5800000, 0x00000000e5800000| Untracked 
|  89|0x00000000e5900000, 0x00000000e5900000, 0x00000000e5a00000|  0%| F|  |TAMS 0x00000000e5900000, 0x00000000e5900000| Untracked 
|  90|0x00000000e5a00000, 0x00000000e5a00000, 0x00000000e5b00000|  0%| F|  |TAMS 0x00000000e5a00000, 0x00000000e5a00000| Untracked 
|  91|0x00000000e5b00000, 0x00000000e5b00000, 0x00000000e5c00000|  0%| F|  |TAMS 0x00000000e5b00000, 0x00000000e5b00000| Untracked 
|  92|0x00000000e5c00000, 0x00000000e5c00000, 0x00000000e5d00000|  0%| F|  |TAMS 0x00000000e5c00000, 0x00000000e5c00000| Untracked 
|  93|0x00000000e5d00000, 0x00000000e5d00000, 0x00000000e5e00000|  0%| F|  |TAMS 0x00000000e5d00000, 0x00000000e5d00000| Untracked 
|  94|0x00000000e5e00000, 0x00000000e5e00000, 0x00000000e5f00000|  0%| F|  |TAMS 0x00000000e5e00000, 0x00000000e5e00000| Untracked 
|  95|0x00000000e5f00000, 0x00000000e5f00000, 0x00000000e6000000|  0%| F|  |TAMS 0x00000000e5f00000, 0x00000000e5f00000| Untracked 
|  96|0x00000000e6000000, 0x00000000e6000000, 0x00000000e6100000|  0%| F|  |TAMS 0x00000000e6000000, 0x00000000e6000000| Untracked 
|  97|0x00000000e6100000, 0x00000000e6100000, 0x00000000e6200000|  0%| F|  |TAMS 0x00000000e6100000, 0x00000000e6100000| Untracked 
|  98|0x00000000e6200000, 0x00000000e6200000, 0x00000000e6300000|  0%| F|  |TAMS 0x00000000e6200000, 0x00000000e6200000| Untracked 
|  99|0x00000000e6300000, 0x00000000e6300000, 0x00000000e6400000|  0%| F|  |TAMS 0x00000000e6300000, 0x00000000e6300000| Untracked 
| 100|0x00000000e6400000, 0x00000000e6400000, 0x00000000e6500000|  0%| F|  |TAMS 0x00000000e6400000, 0x00000000e6400000| Untracked 
| 101|0x00000000e6500000, 0x00000000e6500000, 0x00000000e6600000|  0%| F|  |TAMS 0x00000000e6500000, 0x00000000e6500000| Untracked 
| 102|0x00000000e6600000, 0x00000000e6600000, 0x00000000e6700000|  0%| F|  |TAMS 0x00000000e6600000, 0x00000000e6600000| Untracked 
| 103|0x00000000e6700000, 0x00000000e6700000, 0x00000000e6800000|  0%| F|  |TAMS 0x00000000e6700000, 0x00000000e6700000| Untracked 
| 104|0x00000000e6800000, 0x00000000e6800000, 0x00000000e6900000|  0%| F|  |TAMS 0x00000000e6800000, 0x00000000e6800000| Untracked 
| 105|0x00000000e6900000, 0x00000000e6900000, 0x00000000e6a00000|  0%| F|  |TAMS 0x00000000e6900000, 0x00000000e6900000| Untracked 
| 106|0x00000000e6a00000, 0x00000000e6a00000, 0x00000000e6b00000|  0%| F|  |TAMS 0x00000000e6a00000, 0x00000000e6a00000| Untracked 
| 107|0x00000000e6b00000, 0x00000000e6b00000, 0x00000000e6c00000|  0%| F|  |TAMS 0x00000000e6b00000, 0x00000000e6b00000| Untracked 
| 108|0x00000000e6c00000, 0x00000000e6c00000, 0x00000000e6d00000|  0%| F|  |TAMS 0x00000000e6c00000, 0x00000000e6c00000| Untracked 
| 109|0x00000000e6d00000, 0x00000000e6d00000, 0x00000000e6e00000|  0%| F|  |TAMS 0x00000000e6d00000, 0x00000000e6d00000| Untracked 
| 110|0x00000000e6e00000, 0x00000000e6e00000, 0x00000000e6f00000|  0%| F|  |TAMS 0x00000000e6e00000, 0x00000000e6e00000| Untracked 
| 111|0x00000000e6f00000, 0x00000000e6f00000, 0x00000000e7000000|  0%| F|  |TAMS 0x00000000e6f00000, 0x00000000e6f00000| Untracked 
| 112|0x00000000e7000000, 0x00000000e7000000, 0x00000000e7100000|  0%| F|  |TAMS 0x00000000e7000000, 0x00000000e7000000| Untracked 
| 113|0x00000000e7100000, 0x00000000e7100000, 0x00000000e7200000|  0%| F|  |TAMS 0x00000000e7100000, 0x00000000e7100000| Untracked 
| 114|0x00000000e7200000, 0x00000000e7200000, 0x00000000e7300000|  0%| F|  |TAMS 0x00000000e7200000, 0x00000000e7200000| Untracked 
| 115|0x00000000e7300000, 0x00000000e7300000, 0x00000000e7400000|  0%| F|  |TAMS 0x00000000e7300000, 0x00000000e7300000| Untracked 
| 116|0x00000000e7400000, 0x00000000e7400000, 0x00000000e7500000|  0%| F|  |TAMS 0x00000000e7400000, 0x00000000e7400000| Untracked 
| 117|0x00000000e7500000, 0x00000000e7500000, 0x00000000e7600000|  0%| F|  |TAMS 0x00000000e7500000, 0x00000000e7500000| Untracked 
| 118|0x00000000e7600000, 0x00000000e7600000, 0x00000000e7700000|  0%| F|  |TAMS 0x00000000e7600000, 0x00000000e7600000| Untracked 
| 119|0x00000000e7700000, 0x00000000e7700000, 0x00000000e7800000|  0%| F|  |TAMS 0x00000000e7700000, 0x00000000e7700000| Untracked 
| 120|0x00000000e7800000, 0x00000000e7800000, 0x00000000e7900000|  0%| F|  |TAMS 0x00000000e7800000, 0x00000000e7800000| Untracked 
| 121|0x00000000e7900000, 0x00000000e7900000, 0x00000000e7a00000|  0%| F|  |TAMS 0x00000000e7900000, 0x00000000e7900000| Untracked 
| 122|0x00000000e7a00000, 0x00000000e7a00000, 0x00000000e7b00000|  0%| F|  |TAMS 0x00000000e7a00000, 0x00000000e7a00000| Untracked 
| 123|0x00000000e7b00000, 0x00000000e7b00000, 0x00000000e7c00000|  0%| F|  |TAMS 0x00000000e7b00000, 0x00000000e7b00000| Untracked 
| 124|0x00000000e7c00000, 0x00000000e7c00000, 0x00000000e7d00000|  0%| F|  |TAMS 0x00000000e7c00000, 0x00000000e7c00000| Untracked 
| 125|0x00000000e7d00000, 0x00000000e7d00000, 0x00000000e7e00000|  0%| F|  |TAMS 0x00000000e7d00000, 0x00000000e7d00000| Untracked 
| 126|0x00000000e7e00000, 0x00000000e7e00000, 0x00000000e7f00000|  0%| F|  |TAMS 0x00000000e7e00000, 0x00000000e7e00000| Untracked 
| 127|0x00000000e7f00000, 0x00000000e7f00000, 0x00000000e8000000|  0%| F|  |TAMS 0x00000000e7f00000, 0x00000000e7f00000| Untracked 
| 128|0x00000000e8000000, 0x00000000e8000000, 0x00000000e8100000|  0%| F|  |TAMS 0x00000000e8000000, 0x00000000e8000000| Untracked 
| 129|0x00000000e8100000, 0x00000000e8100000, 0x00000000e8200000|  0%| F|  |TAMS 0x00000000e8100000, 0x00000000e8100000| Untracked 
| 130|0x00000000e8200000, 0x00000000e8200000, 0x00000000e8300000|  0%| F|  |TAMS 0x00000000e8200000, 0x00000000e8200000| Untracked 
| 131|0x00000000e8300000, 0x00000000e8300000, 0x00000000e8400000|  0%| F|  |TAMS 0x00000000e8300000, 0x00000000e8300000| Untracked 
| 132|0x00000000e8400000, 0x00000000e8400000, 0x00000000e8500000|  0%| F|  |TAMS 0x00000000e8400000, 0x00000000e8400000| Untracked 
| 133|0x00000000e8500000, 0x00000000e8500000, 0x00000000e8600000|  0%| F|  |TAMS 0x00000000e8500000, 0x00000000e8500000| Untracked 
| 134|0x00000000e8600000, 0x00000000e8600000, 0x00000000e8700000|  0%| F|  |TAMS 0x00000000e8600000, 0x00000000e8600000| Untracked 
| 135|0x00000000e8700000, 0x00000000e8700000, 0x00000000e8800000|  0%| F|  |TAMS 0x00000000e8700000, 0x00000000e8700000| Untracked 
| 136|0x00000000e8800000, 0x00000000e8800000, 0x00000000e8900000|  0%| F|  |TAMS 0x00000000e8800000, 0x00000000e8800000| Untracked 
| 137|0x00000000e8900000, 0x00000000e8900000, 0x00000000e8a00000|  0%| F|  |TAMS 0x00000000e8900000, 0x00000000e8900000| Untracked 
| 138|0x00000000e8a00000, 0x00000000e8a00000, 0x00000000e8b00000|  0%| F|  |TAMS 0x00000000e8a00000, 0x00000000e8a00000| Untracked 
| 139|0x00000000e8b00000, 0x00000000e8b00000, 0x00000000e8c00000|  0%| F|  |TAMS 0x00000000e8b00000, 0x00000000e8b00000| Untracked 
| 140|0x00000000e8c00000, 0x00000000e8c00000, 0x00000000e8d00000|  0%| F|  |TAMS 0x00000000e8c00000, 0x00000000e8c00000| Untracked 
| 141|0x00000000e8d00000, 0x00000000e8d00000, 0x00000000e8e00000|  0%| F|  |TAMS 0x00000000e8d00000, 0x00000000e8d00000| Untracked 
| 142|0x00000000e8e00000, 0x00000000e8e00000, 0x00000000e8f00000|  0%| F|  |TAMS 0x00000000e8e00000, 0x00000000e8e00000| Untracked 
| 143|0x00000000e8f00000, 0x00000000e8f00000, 0x00000000e9000000|  0%| F|  |TAMS 0x00000000e8f00000, 0x00000000e8f00000| Untracked 
| 144|0x00000000e9000000, 0x00000000e9000000, 0x00000000e9100000|  0%| F|  |TAMS 0x00000000e9000000, 0x00000000e9000000| Untracked 
| 145|0x00000000e9100000, 0x00000000e9100000, 0x00000000e9200000|  0%| F|  |TAMS 0x00000000e9100000, 0x00000000e9100000| Untracked 
| 146|0x00000000e9200000, 0x00000000e9200000, 0x00000000e9300000|  0%| F|  |TAMS 0x00000000e9200000, 0x00000000e9200000| Untracked 
| 147|0x00000000e9300000, 0x00000000e9300000, 0x00000000e9400000|  0%| F|  |TAMS 0x00000000e9300000, 0x00000000e9300000| Untracked 
| 148|0x00000000e9400000, 0x00000000e9400000, 0x00000000e9500000|  0%| F|  |TAMS 0x00000000e9400000, 0x00000000e9400000| Untracked 
| 149|0x00000000e9500000, 0x00000000e9500000, 0x00000000e9600000|  0%| F|  |TAMS 0x00000000e9500000, 0x00000000e9500000| Untracked 
| 150|0x00000000e9600000, 0x00000000e9600000, 0x00000000e9700000|  0%| F|  |TAMS 0x00000000e9600000, 0x00000000e9600000| Untracked 
| 151|0x00000000e9700000, 0x00000000e9700000, 0x00000000e9800000|  0%| F|  |TAMS 0x00000000e9700000, 0x00000000e9700000| Untracked 
| 152|0x00000000e9800000, 0x00000000e9800000, 0x00000000e9900000|  0%| F|  |TAMS 0x00000000e9800000, 0x00000000e9800000| Untracked 
| 153|0x00000000e9900000, 0x00000000e9900000, 0x00000000e9a00000|  0%| F|  |TAMS 0x00000000e9900000, 0x00000000e9900000| Untracked 
| 154|0x00000000e9a00000, 0x00000000e9a00000, 0x00000000e9b00000|  0%| F|  |TAMS 0x00000000e9a00000, 0x00000000e9a00000| Untracked 
| 155|0x00000000e9b00000, 0x00000000e9b00000, 0x00000000e9c00000|  0%| F|  |TAMS 0x00000000e9b00000, 0x00000000e9b00000| Untracked 
| 156|0x00000000e9c00000, 0x00000000e9c00000, 0x00000000e9d00000|  0%| F|  |TAMS 0x00000000e9c00000, 0x00000000e9c00000| Untracked 
| 157|0x00000000e9d00000, 0x00000000e9d00000, 0x00000000e9e00000|  0%| F|  |TAMS 0x00000000e9d00000, 0x00000000e9d00000| Untracked 
| 158|0x00000000e9e00000, 0x00000000e9e00000, 0x00000000e9f00000|  0%| F|  |TAMS 0x00000000e9e00000, 0x00000000e9e00000| Untracked 
| 159|0x00000000e9f00000, 0x00000000e9f00000, 0x00000000ea000000|  0%| F|  |TAMS 0x00000000e9f00000, 0x00000000e9f00000| Untracked 
| 160|0x00000000ea000000, 0x00000000ea000000, 0x00000000ea100000|  0%| F|  |TAMS 0x00000000ea000000, 0x00000000ea000000| Untracked 
| 161|0x00000000ea100000, 0x00000000ea100000, 0x00000000ea200000|  0%| F|  |TAMS 0x00000000ea100000, 0x00000000ea100000| Untracked 
| 162|0x00000000ea200000, 0x00000000ea200000, 0x00000000ea300000|  0%| F|  |TAMS 0x00000000ea200000, 0x00000000ea200000| Untracked 
| 163|0x00000000ea300000, 0x00000000ea300000, 0x00000000ea400000|  0%| F|  |TAMS 0x00000000ea300000, 0x00000000ea300000| Untracked 
| 164|0x00000000ea400000, 0x00000000ea400000, 0x00000000ea500000|  0%| F|  |TAMS 0x00000000ea400000, 0x00000000ea400000| Untracked 
| 165|0x00000000ea500000, 0x00000000ea500000, 0x00000000ea600000|  0%| F|  |TAMS 0x00000000ea500000, 0x00000000ea500000| Untracked 
| 166|0x00000000ea600000, 0x00000000ea600000, 0x00000000ea700000|  0%| F|  |TAMS 0x00000000ea600000, 0x00000000ea600000| Untracked 
| 167|0x00000000ea700000, 0x00000000ea700000, 0x00000000ea800000|  0%| F|  |TAMS 0x00000000ea700000, 0x00000000ea700000| Untracked 
| 168|0x00000000ea800000, 0x00000000ea800000, 0x00000000ea900000|  0%| F|  |TAMS 0x00000000ea800000, 0x00000000ea800000| Untracked 
| 169|0x00000000ea900000, 0x00000000ea900000, 0x00000000eaa00000|  0%| F|  |TAMS 0x00000000ea900000, 0x00000000ea900000| Untracked 
| 170|0x00000000eaa00000, 0x00000000eaa00000, 0x00000000eab00000|  0%| F|  |TAMS 0x00000000eaa00000, 0x00000000eaa00000| Untracked 
| 171|0x00000000eab00000, 0x00000000eab00000, 0x00000000eac00000|  0%| F|  |TAMS 0x00000000eab00000, 0x00000000eab00000| Untracked 
| 172|0x00000000eac00000, 0x00000000eac00000, 0x00000000ead00000|  0%| F|  |TAMS 0x00000000eac00000, 0x00000000eac00000| Untracked 
| 173|0x00000000ead00000, 0x00000000ead00000, 0x00000000eae00000|  0%| F|  |TAMS 0x00000000ead00000, 0x00000000ead00000| Untracked 
| 174|0x00000000eae00000, 0x00000000eae00000, 0x00000000eaf00000|  0%| F|  |TAMS 0x00000000eae00000, 0x00000000eae00000| Untracked 
| 175|0x00000000eaf00000, 0x00000000eaf00000, 0x00000000eb000000|  0%| F|  |TAMS 0x00000000eaf00000, 0x00000000eaf00000| Untracked 
| 176|0x00000000eb000000, 0x00000000eb000000, 0x00000000eb100000|  0%| F|  |TAMS 0x00000000eb000000, 0x00000000eb000000| Untracked 
| 177|0x00000000eb100000, 0x00000000eb100000, 0x00000000eb200000|  0%| F|  |TAMS 0x00000000eb100000, 0x00000000eb100000| Untracked 
| 178|0x00000000eb200000, 0x00000000eb200000, 0x00000000eb300000|  0%| F|  |TAMS 0x00000000eb200000, 0x00000000eb200000| Untracked 
| 179|0x00000000eb300000, 0x00000000eb300000, 0x00000000eb400000|  0%| F|  |TAMS 0x00000000eb300000, 0x00000000eb300000| Untracked 
| 180|0x00000000eb400000, 0x00000000eb400000, 0x00000000eb500000|  0%| F|  |TAMS 0x00000000eb400000, 0x00000000eb400000| Untracked 
| 181|0x00000000eb500000, 0x00000000eb500000, 0x00000000eb600000|  0%| F|  |TAMS 0x00000000eb500000, 0x00000000eb500000| Untracked 
| 182|0x00000000eb600000, 0x00000000eb600000, 0x00000000eb700000|  0%| F|  |TAMS 0x00000000eb600000, 0x00000000eb600000| Untracked 
| 183|0x00000000eb700000, 0x00000000eb700000, 0x00000000eb800000|  0%| F|  |TAMS 0x00000000eb700000, 0x00000000eb700000| Untracked 
| 184|0x00000000eb800000, 0x00000000eb800000, 0x00000000eb900000|  0%| F|  |TAMS 0x00000000eb800000, 0x00000000eb800000| Untracked 
| 185|0x00000000eb900000, 0x00000000eb900000, 0x00000000eba00000|  0%| F|  |TAMS 0x00000000eb900000, 0x00000000eb900000| Untracked 
| 186|0x00000000eba00000, 0x00000000eba00000, 0x00000000ebb00000|  0%| F|  |TAMS 0x00000000eba00000, 0x00000000eba00000| Untracked 
| 187|0x00000000ebb00000, 0x00000000ebb00000, 0x00000000ebc00000|  0%| F|  |TAMS 0x00000000ebb00000, 0x00000000ebb00000| Untracked 
| 188|0x00000000ebc00000, 0x00000000ebc00000, 0x00000000ebd00000|  0%| F|  |TAMS 0x00000000ebc00000, 0x00000000ebc00000| Untracked 
| 189|0x00000000ebd00000, 0x00000000ebd00000, 0x00000000ebe00000|  0%| F|  |TAMS 0x00000000ebd00000, 0x00000000ebd00000| Untracked 
| 190|0x00000000ebe00000, 0x00000000ebe00000, 0x00000000ebf00000|  0%| F|  |TAMS 0x00000000ebe00000, 0x00000000ebe00000| Untracked 
| 191|0x00000000ebf00000, 0x00000000ebf00000, 0x00000000ec000000|  0%| F|  |TAMS 0x00000000ebf00000, 0x00000000ebf00000| Untracked 
| 192|0x00000000ec000000, 0x00000000ec000000, 0x00000000ec100000|  0%| F|  |TAMS 0x00000000ec000000, 0x00000000ec000000| Untracked 
| 193|0x00000000ec100000, 0x00000000ec100000, 0x00000000ec200000|  0%| F|  |TAMS 0x00000000ec100000, 0x00000000ec100000| Untracked 
| 194|0x00000000ec200000, 0x00000000ec200000, 0x00000000ec300000|  0%| F|  |TAMS 0x00000000ec200000, 0x00000000ec200000| Untracked 
| 195|0x00000000ec300000, 0x00000000ec300000, 0x00000000ec400000|  0%| F|  |TAMS 0x00000000ec300000, 0x00000000ec300000| Untracked 
| 196|0x00000000ec400000, 0x00000000ec400000, 0x00000000ec500000|  0%| F|  |TAMS 0x00000000ec400000, 0x00000000ec400000| Untracked 
| 197|0x00000000ec500000, 0x00000000ec500000, 0x00000000ec600000|  0%| F|  |TAMS 0x00000000ec500000, 0x00000000ec500000| Untracked 
| 198|0x00000000ec600000, 0x00000000ec600000, 0x00000000ec700000|  0%| F|  |TAMS 0x00000000ec600000, 0x00000000ec600000| Untracked 
| 199|0x00000000ec700000, 0x00000000ec700000, 0x00000000ec800000|  0%| F|  |TAMS 0x00000000ec700000, 0x00000000ec700000| Untracked 
| 200|0x00000000ec800000, 0x00000000ec880800, 0x00000000ec900000| 50%| E|  |TAMS 0x00000000ec800000, 0x00000000ec800000| Complete 
| 201|0x00000000ec900000, 0x00000000ec925800, 0x00000000eca00000| 14%| S|CS|TAMS 0x00000000ec900000, 0x00000000ec900000| Complete 
| 202|0x00000000eca00000, 0x00000000ecb00000, 0x00000000ecb00000|100%| S|CS|TAMS 0x00000000eca00000, 0x00000000eca00000| Complete 
| 203|0x00000000ecb00000, 0x00000000ecc00000, 0x00000000ecc00000|100%| S|CS|TAMS 0x00000000ecb00000, 0x00000000ecb00000| Complete 
| 204|0x00000000ecc00000, 0x00000000ecd00000, 0x00000000ecd00000|100%| E|CS|TAMS 0x00000000ecc00000, 0x00000000ecc00000| Complete 
| 205|0x00000000ecd00000, 0x00000000ece00000, 0x00000000ece00000|100%| E|CS|TAMS 0x00000000ecd00000, 0x00000000ecd00000| Complete 
| 206|0x00000000ece00000, 0x00000000ecf00000, 0x00000000ecf00000|100%| E|CS|TAMS 0x00000000ece00000, 0x00000000ece00000| Complete 
| 207|0x00000000ecf00000, 0x00000000ed000000, 0x00000000ed000000|100%| E|CS|TAMS 0x00000000ecf00000, 0x00000000ecf00000| Complete 
| 208|0x00000000ed000000, 0x00000000ed100000, 0x00000000ed100000|100%| E|CS|TAMS 0x00000000ed000000, 0x00000000ed000000| Complete 
| 209|0x00000000ed100000, 0x00000000ed200000, 0x00000000ed200000|100%| E|CS|TAMS 0x00000000ed100000, 0x00000000ed100000| Complete 
| 210|0x00000000ed200000, 0x00000000ed300000, 0x00000000ed300000|100%| E|CS|TAMS 0x00000000ed200000, 0x00000000ed200000| Complete 
| 211|0x00000000ed300000, 0x00000000ed400000, 0x00000000ed400000|100%| E|CS|TAMS 0x00000000ed300000, 0x00000000ed300000| Complete 
| 212|0x00000000ed400000, 0x00000000ed500000, 0x00000000ed500000|100%| E|CS|TAMS 0x00000000ed400000, 0x00000000ed400000| Complete 
| 213|0x00000000ed500000, 0x00000000ed600000, 0x00000000ed600000|100%| E|CS|TAMS 0x00000000ed500000, 0x00000000ed500000| Complete 
| 214|0x00000000ed600000, 0x00000000ed700000, 0x00000000ed700000|100%| E|CS|TAMS 0x00000000ed600000, 0x00000000ed600000| Complete 
| 215|0x00000000ed700000, 0x00000000ed800000, 0x00000000ed800000|100%| E|CS|TAMS 0x00000000ed700000, 0x00000000ed700000| Complete 
| 216|0x00000000ed800000, 0x00000000ed900000, 0x00000000ed900000|100%| E|CS|TAMS 0x00000000ed800000, 0x00000000ed800000| Complete 
| 217|0x00000000ed900000, 0x00000000eda00000, 0x00000000eda00000|100%| E|CS|TAMS 0x00000000ed900000, 0x00000000ed900000| Complete 
| 218|0x00000000eda00000, 0x00000000edb00000, 0x00000000edb00000|100%| E|CS|TAMS 0x00000000eda00000, 0x00000000eda00000| Complete 
| 219|0x00000000edb00000, 0x00000000edc00000, 0x00000000edc00000|100%| E|CS|TAMS 0x00000000edb00000, 0x00000000edb00000| Complete 
| 220|0x00000000edc00000, 0x00000000edd00000, 0x00000000edd00000|100%| E|CS|TAMS 0x00000000edc00000, 0x00000000edc00000| Complete 
| 221|0x00000000edd00000, 0x00000000ede00000, 0x00000000ede00000|100%| E|CS|TAMS 0x00000000edd00000, 0x00000000edd00000| Complete 
| 222|0x00000000ede00000, 0x00000000edf00000, 0x00000000edf00000|100%| E|CS|TAMS 0x00000000ede00000, 0x00000000ede00000| Complete 
| 223|0x00000000edf00000, 0x00000000ee000000, 0x00000000ee000000|100%| E|CS|TAMS 0x00000000edf00000, 0x00000000edf00000| Complete 

Card table byte_map: [0x0000018148480000,0x0000018148580000] _byte_map_base: 0x0000018147d80000

Marking Bits (Prev, Next): (CMBitMap*) 0x00000181486b73f0, (CMBitMap*) 0x00000181486b7430
 Prev Bits: [0x000001815f9b0000, 0x00000181601b0000)
 Next Bits: [0x00000181601b0000, 0x00000181609b0000)

Polling page: 0x0000018146430000

Metaspace:

Usage:
  Non-class:     12.48 MB capacity,    12.25 MB ( 98%) used,   204.95 KB (  2%) free+waste,    21.81 KB ( <1%) overhead. 
      Class:      1.93 MB capacity,     1.84 MB ( 95%) used,    85.08 KB (  4%) free+waste,     9.81 KB ( <1%) overhead. 
       Both:     14.41 MB capacity,    14.09 MB ( 98%) used,   290.03 KB (  2%) free+waste,    31.63 KB ( <1%) overhead. 

Virtual space:
  Non-class space:       14.00 MB reserved,      12.50 MB ( 89%) committed 
      Class space:        1.00 GB reserved,       2.00 MB ( <1%) committed 
             Both:        1.01 GB reserved,      14.50 MB (  1%) committed 

Chunk freelists:
   Non-Class:  25.00 KB
       Class:  5.00 KB
        Both:  30.00 KB

MaxMetaspaceSize: 17179869184.00 GB
CompressedClassSpaceSize: 1.00 GB

CodeHeap 'non-profiled nmethods': size=120000Kb used=834Kb max_used=834Kb free=119165Kb
 bounds [0x0000018158380000, 0x00000181585f0000, 0x000001815f8b0000]
CodeHeap 'profiled nmethods': size=120000Kb used=4005Kb max_used=4005Kb free=115994Kb
 bounds [0x0000018150e50000, 0x0000018151240000, 0x0000018158380000]
CodeHeap 'non-nmethods': size=5760Kb used=1209Kb max_used=1240Kb free=4550Kb
 bounds [0x00000181508b0000, 0x0000018150b20000, 0x0000018150e50000]
 total_blobs=2563 nmethods=2086 adapters=389
 compilation: enabled
              stopped_count=0, restarted_count=0
 full_count=0

Compilation events (20 events):
Event: 2.570 Thread 0x0000018162fc5dd0 1988       3       java.lang.reflect.Array::newInstance (6 bytes)
Event: 2.570 Thread 0x0000018162fc5dd0 nmethod 1988 0x000001815120c510 code [0x000001815120c6a0, 0x000001815120c7a8]
Event: 2.570 Thread 0x0000018162fc5dd0 1987       3       java.util.ArrayDeque::peekFirst (12 bytes)
Event: 2.570 Thread 0x0000018162fc5dd0 nmethod 1987 0x000001815120c890 code [0x000001815120ca40, 0x000001815120cbb8]
Event: 2.571 Thread 0x0000018162fc5dd0 1989       3       java.util.Locale::getDefault (4 bytes)
Event: 2.571 Thread 0x0000018162fc5dd0 nmethod 1989 0x000001815120cd10 code [0x000001815120cea0, 0x000001815120cf98]
Event: 2.571 Thread 0x0000018162fc5dd0 1990       3       java.util.stream.ReferencePipeline::<init> (7 bytes)
Event: 2.571 Thread 0x0000018162fc5dd0 nmethod 1990 0x000001815120d010 code [0x000001815120d1c0, 0x000001815120d2e8]
Event: 2.571 Thread 0x0000018162fc5dd0 1991       3       org.springframework.boot.context.properties.source.DefaultPropertyMapper$LastMapping::isFrom (9 bytes)
Event: 2.571 Thread 0x0000018162fc5dd0 nmethod 1991 0x000001815120d390 code [0x000001815120d540, 0x000001815120d668]
Event: 2.572 Thread 0x0000018162fc5dd0 1992       3       java.util.stream.Sink$ChainedReference::<init> (16 bytes)
Event: 2.573 Thread 0x0000018162fc5dd0 nmethod 1992 0x000001815120d710 code [0x000001815120d8e0, 0x000001815120dd28]
Event: 2.573 Thread 0x0000018162fc5dd0 1993       3       org.springframework.boot.context.properties.source.ConfigurationPropertyName$Elements::canShortcutWithSource (74 bytes)
Event: 2.573 Thread 0x0000018162fc5dd0 nmethod 1993 0x000001815120de90 code [0x000001815120e060, 0x000001815120e3f8]
Event: 2.573 Thread 0x0000018162fc5dd0 1996       3       org.springframework.boot.context.properties.source.ConfigurationPropertyName::fastElementEquals (69 bytes)
Event: 2.573 Thread 0x0000018162fc5dd0 nmethod 1996 0x000001815120e590 code [0x000001815120e780, 0x000001815120eb18]
Event: 2.573 Thread 0x0000018162fc5dd0 1994       3       java.util.AbstractCollection::isEmpty (13 bytes)
Event: 2.573 Thread 0x0000018162fc5dd0 nmethod 1994 0x000001815120ed10 code [0x000001815120eec0, 0x000001815120f0e8]
Event: 2.576 Thread 0x0000018162fc5dd0 1997       3       org.springframework.boot.context.properties.source.SpringIterableConfigurationPropertySource::getPropertySource (5 bytes)
Event: 2.576 Thread 0x0000018162fc5dd0 nmethod 1997 0x000001815120f190 code [0x000001815120f340, 0x000001815120f5d8]

GC Heap History (6 events):
Event: 0.606 GC heap before
{Heap before GC invocations=0 (full 0):
 garbage-first heap   total 229376K, used 13312K [0x00000000e0000000, 0x0000000100000000)
  region size 1024K, 13 young (13312K), 0 survivors (0K)
 Metaspace       used 3150K, capacity 5438K, committed 5760K, reserved 1056768K
  class space    used 367K, capacity 573K, committed 640K, reserved 1048576K
}
Event: 0.610 GC heap after
{Heap after GC invocations=1 (full 0):
 garbage-first heap   total 229376K, used 8273K [0x00000000e0000000, 0x0000000100000000)
  region size 1024K, 2 young (2048K), 2 survivors (2048K)
 Metaspace       used 3150K, capacity 5438K, committed 5760K, reserved 1056768K
  class space    used 367K, capacity 573K, committed 640K, reserved 1048576K
}
Event: 1.397 GC heap before
{Heap before GC invocations=1 (full 0):
 garbage-first heap   total 229376K, used 16465K [0x00000000e0000000, 0x0000000100000000)
  region size 1024K, 11 young (11264K), 2 survivors (2048K)
 Metaspace       used 5994K, capacity 7011K, committed 7296K, reserved 1056768K
  class space    used 750K, capacity 815K, committed 896K, reserved 1048576K
}
Event: 1.400 GC heap after
{Heap after GC invocations=2 (full 0):
 garbage-first heap   total 229376K, used 9141K [0x00000000e0000000, 0x0000000100000000)
  region size 1024K, 1 young (1024K), 1 survivors (1024K)
 Metaspace       used 5994K, capacity 7011K, committed 7296K, reserved 1056768K
  class space    used 750K, capacity 815K, committed 896K, reserved 1048576K
}
Event: 1.998 GC heap before
{Heap before GC invocations=2 (full 0):
 garbage-first heap   total 229376K, used 27573K [0x00000000e0000000, 0x0000000100000000)
  region size 1024K, 20 young (20480K), 1 survivors (1024K)
 Metaspace       used 10632K, capacity 10947K, committed 11264K, reserved 1058816K
  class space    used 1349K, capacity 1438K, committed 1536K, reserved 1048576K
}
Event: 2.001 GC heap after
{Heap after GC invocations=3 (full 0):
 garbage-first heap   total 229376K, used 10543K [0x00000000e0000000, 0x0000000100000000)
  region size 1024K, 3 young (3072K), 3 survivors (3072K)
 Metaspace       used 10632K, capacity 10947K, committed 11264K, reserved 1058816K
  class space    used 1349K, capacity 1438K, committed 1536K, reserved 1048576K
}

Deoptimization events (20 events):
Event: 1.972 Thread 0x00000181640dbc60 Uncommon trap: trap_request=0xffffff45 fr.pc=0x00000181583c3834 relative=0x0000000000000214
Event: 1.972 Thread 0x00000181640dbc60 Uncommon trap: reason=unstable_if action=reinterpret pc=0x00000181583c3834 method=java.util.zip.ZipCoder.normalizedHash(Ljava/lang/String;)I @ 23 c2
Event: 1.972 Thread 0x00000181640dbc60 DEOPT PACKING pc=0x00000181583c3834 sp=0x00000001e31fb1d0
Event: 1.972 Thread 0x00000181640dbc60 DEOPT UNPACKING pc=0x00000181508fe42f sp=0x00000001e31fb168 mode 2
Event: 2.209 Thread 0x00000181640dbc60 Uncommon trap: trap_request=0xffffff45 fr.pc=0x000001815840a8b4 relative=0x00000000000000b4
Event: 2.209 Thread 0x00000181640dbc60 Uncommon trap: reason=unstable_if action=reinterpret pc=0x000001815840a8b4 method=java.lang.ref.SoftReference.get()Ljava/lang/Object; @ 6 c2
Event: 2.209 Thread 0x00000181640dbc60 DEOPT PACKING pc=0x000001815840a8b4 sp=0x00000001e31fb660
Event: 2.209 Thread 0x00000181640dbc60 DEOPT UNPACKING pc=0x00000181508fe42f sp=0x00000001e31fb618 mode 2
Event: 2.221 Thread 0x00000181640dbc60 Uncommon trap: trap_request=0xffffff45 fr.pc=0x00000181583bf278 relative=0x0000000000000458
Event: 2.221 Thread 0x00000181640dbc60 Uncommon trap: reason=unstable_if action=reinterpret pc=0x00000181583bf278 method=java.util.jar.Manifest$FastInputStream.readLine([BII)I @ 90 c2
Event: 2.221 Thread 0x00000181640dbc60 DEOPT PACKING pc=0x00000181583bf278 sp=0x00000001e31fa6a0
Event: 2.221 Thread 0x00000181640dbc60 DEOPT UNPACKING pc=0x00000181508fe42f sp=0x00000001e31fa630 mode 2
Event: 2.487 Thread 0x00000181640dbc60 Uncommon trap: trap_request=0xffffff45 fr.pc=0x00000181584201dc relative=0x00000000000002bc
Event: 2.487 Thread 0x00000181640dbc60 Uncommon trap: reason=unstable_if action=reinterpret pc=0x00000181584201dc method=java.lang.String.indexOf([BBILjava/lang/String;I)I @ 21 c2
Event: 2.487 Thread 0x00000181640dbc60 DEOPT PACKING pc=0x00000181584201dc sp=0x00000001e31fa040
Event: 2.487 Thread 0x00000181640dbc60 DEOPT UNPACKING pc=0x00000181508fe42f sp=0x00000001e31f9f50 mode 2
Event: 2.487 Thread 0x00000181640dbc60 Uncommon trap: trap_request=0xffffff45 fr.pc=0x0000018158429864 relative=0x0000000000002f64
Event: 2.487 Thread 0x00000181640dbc60 Uncommon trap: reason=unstable_if action=reinterpret pc=0x0000018158429864 method=java.net.URLStreamHandler.parseURL(Ljava/net/URL;Ljava/lang/String;II)V @ 725 c2
Event: 2.487 Thread 0x00000181640dbc60 DEOPT PACKING pc=0x0000018158429864 sp=0x00000001e31f9f40
Event: 2.487 Thread 0x00000181640dbc60 DEOPT UNPACKING pc=0x00000181508fe42f sp=0x00000001e31f9ed8 mode 2

Classes unloaded (0 events):
No events

Classes redefined (0 events):
No events

Internal exceptions (20 events):
Event: 1.806 Thread 0x00000181640dbc60 Exception <a 'java/lang/IncompatibleClassChangeError'{0x00000000ed234290}: Found class java.lang.Object, but interface was expected> (0x00000000ed234290) 
thrown [./open/src/hotspot/share/interpreter/linkResolver.cpp, line 848]
Event: 1.839 Thread 0x00000181640dbc60 Implicit null exception at 0x00000181583f10d8 to 0x00000181583f116a
Event: 1.839 Thread 0x00000181640dbc60 Implicit null exception at 0x00000181583ae42f to 0x00000181583ae4a9
Event: 2.097 Thread 0x00000181640dbc60 Exception <a 'java/lang/NoSuchMethodError'{0x00000000edc491f8}: 'void java.lang.invoke.DirectMethodHandle$Holder.invokeVirtual(java.lang.Object, java.lang.Object, java.lang.Object, java.lang.Object)'> (0x00000000edc491f8) 
thrown [./open/src/hotspot/share/interpreter/linkResolver.cpp, line 782]
Event: 2.263 Thread 0x00000181640dbc60 Exception <a 'java/lang/NoSuchMethodError'{0x00000000ed58cdc8}: 'java.lang.Object java.lang.invoke.DirectMethodHandle$Holder.newInvokeSpecial(java.lang.Object, java.lang.Object, java.lang.Object, java.lang.Object, java.lang.Object, java.lang.Object, java.lang.Object)'> (0x00000000ed58cdc8) 
thrown [./open/src/hotspot/share/interpreter/linkResolver.cpp, line 782]
Event: 2.263 Thread 0x00000181640dbc60 Exception <a 'java/lang/NoSuchMethodError'{0x00000000ed591b80}: 'java.lang.Object java.lang.invoke.Invokers$Holder.linkToTargetMethod(java.lang.Object, java.lang.Object, java.lang.Object, java.lang.Object, java.lang.Object, java.lang.Object, java.lang.Object)'> (0x00000000ed591b80) 
thrown [./open/src/hotspot/share/interpreter/linkResolver.cpp, line 782]
Event: 2.265 Thread 0x00000181640dbc60 Exception <a 'java/lang/NoSuchMethodError'{0x00000000ed59dac0}: 'java.lang.Object java.lang.invoke.DirectMethodHandle$Holder.invokeInterface(java.lang.Object, java.lang.Object, java.lang.Object, java.lang.Object, java.lang.Object)'> (0x00000000ed59dac0) 
thrown [./open/src/hotspot/share/interpreter/linkResolver.cpp, line 782]
Event: 2.265 Thread 0x00000181640dbc60 Exception <a 'java/lang/IncompatibleClassChangeError'{0x00000000ed5a1ab8}: Found class java.lang.Object, but interface was expected> (0x00000000ed5a1ab8) 
thrown [./open/src/hotspot/share/interpreter/linkResolver.cpp, line 848]
Event: 2.386 Thread 0x00000181640dbc60 Exception <a 'java/lang/IncompatibleClassChangeError'{0x00000000ed119618}: Found class java.lang.Object, but interface was expected> (0x00000000ed119618) 
thrown [./open/src/hotspot/share/interpreter/linkResolver.cpp, line 848]
Event: 2.401 Thread 0x00000181640dbc60 Exception <a 'java/lang/NoSuchMethodError'{0x00000000ed1a6df8}: 'int java.lang.invoke.DirectMethodHandle$Holder.invokeSpecial(java.lang.Object, java.lang.Object, java.lang.Object, java.lang.Object)'> (0x00000000ed1a6df8) 
thrown [./open/src/hotspot/share/interpreter/linkResolver.cpp, line 782]
Event: 2.421 Thread 0x00000181640dbc60 Exception <a 'java/lang/NoSuchMethodError'{0x00000000ed05e768}: 'void java.lang.invoke.DirectMethodHandle$Holder.invokeStatic(java.lang.Object, java.lang.Object, java.lang.Object, java.lang.Object, java.lang.Object, java.lang.Object)'> (0x00000000ed05e768) 
thrown [./open/src/hotspot/share/interpreter/linkResolver.cpp, line 782]
Event: 2.438 Thread 0x00000181640dbc60 Exception <a 'java/lang/NoSuchMethodError'{0x00000000ed0e1360}: 'java.lang.Object java.lang.invoke.DirectMethodHandle$Holder.invokeSpecial(java.lang.Object, java.lang.Object, java.lang.Object, java.lang.Object, java.lang.Object, java.lang.Object, int)'> (0x00000000ed0e1360) 
thrown [./open/src/hotspot/share/interpreter/linkResolver.cpp, line 782]
Event: 2.438 Thread 0x00000181640dbc60 Exception <a 'java/lang/NoSuchMethodError'{0x00000000ed0ecf20}: 'java.lang.Object java.lang.invoke.DirectMethodHandle$Holder.newInvokeSpecial(java.lang.Object, java.lang.Object, java.lang.Object, java.lang.Object, java.lang.Object, java.lang.Object, int)'> (0x00000000ed0ecf20) 
thrown [./open/src/hotspot/share/interpreter/linkResolver.cpp, line 782]
Event: 2.439 Thread 0x00000181640dbc60 Exception <a 'java/lang/NoSuchMethodError'{0x00000000ed0f2860}: 'java.lang.Object java.lang.invoke.DirectMethodHandle$Holder.invokeSpecial(java.lang.Object, java.lang.Object, java.lang.Object, java.lang.Object, java.lang.Object, java.lang.Object, java.lang.Object, int)'> (0x00000000ed0f2860) 
thrown [./open/src/hotspot/share/interpreter/linkResolver.cpp, line 782]
Event: 2.487 Thread 0x00000181640dbc60 Implicit null exception at 0x0000018158426bec to 0x0000018158429820
Event: 2.548 Thread 0x00000181640dbc60 Exception <a 'java/lang/NoSuchMethodError'{0x00000000ecd1a548}: 'java.lang.Object java.lang.invoke.DirectMethodHandle$Holder.invokeSpecial(java.lang.Object, java.lang.Object, java.lang.Object, java.lang.Object, int)'> (0x00000000ecd1a548) 
thrown [./open/src/hotspot/share/interpreter/linkResolver.cpp, line 782]
Event: 2.550 Thread 0x00000181640dbc60 Exception <a 'java/lang/NoSuchMethodError'{0x00000000ecd23bf8}: 'java.lang.Object java.lang.invoke.DirectMethodHandle$Holder.newInvokeSpecial(java.lang.Object, java.lang.Object, java.lang.Object, java.lang.Object, int)'> (0x00000000ecd23bf8) 
thrown [./open/src/hotspot/share/interpreter/linkResolver.cpp, line 782]
Event: 2.550 Thread 0x00000181640dbc60 Exception <a 'java/lang/NoSuchMethodError'{0x00000000ecd28748}: 'java.lang.Object java.lang.invoke.DirectMethodHandle$Holder.invokeSpecial(java.lang.Object, java.lang.Object, java.lang.Object, java.lang.Object, java.lang.Object, int)'> (0x00000000ecd28748) 
thrown [./open/src/hotspot/share/interpreter/linkResolver.cpp, line 782]
Event: 2.551 Thread 0x00000181640dbc60 Exception <a 'java/lang/NoSuchMethodError'{0x00000000ecd2cc28}: 'java.lang.Object java.lang.invoke.Invokers$Holder.linkToTargetMethod(java.lang.Object, java.lang.Object, java.lang.Object, int, java.lang.Object)'> (0x00000000ecd2cc28) 
thrown [./open/src/hotspot/share/interpreter/linkResolver.cpp, line 782]
Event: 2.553 Thread 0x00000181640dbc60 Exception <a 'java/lang/NoSuchMethodError'{0x00000000ecd3e430}: 'java.lang.Object java.lang.invoke.DirectMethodHandle$Holder.newInvokeSpecial(java.lang.Object, int, java.lang.Object)'> (0x00000000ecd3e430) 
thrown [./open/src/hotspot/share/interpreter/linkResolver.cpp, line 782]

Events (20 events):
Event: 2.403 loading class java/util/stream/MatchOps$2MatchSink
Event: 2.404 loading class java/util/stream/MatchOps$2MatchSink done
Event: 2.430 loading class java/util/regex/Pattern$Neg
Event: 2.430 loading class java/util/regex/Pattern$Neg done
Event: 2.508 loading class java/io/LineNumberReader
Event: 2.508 loading class java/io/LineNumberReader done
Event: 2.508 Executing VM operation: HandshakeAllThreads
Event: 2.508 Executing VM operation: HandshakeAllThreads done
Event: 2.510 loading class sun/net/ProgressMonitor
Event: 2.511 loading class sun/net/ProgressMonitor done
Event: 2.511 loading class sun/net/DefaultProgressMeteringPolicy
Event: 2.511 loading class sun/net/ProgressMeteringPolicy
Event: 2.511 loading class sun/net/ProgressMeteringPolicy done
Event: 2.511 loading class sun/net/DefaultProgressMeteringPolicy done
Event: 2.511 loading class sun/nio/cs/ISO_8859_1$Decoder
Event: 2.511 loading class sun/nio/cs/ISO_8859_1$Decoder done
Event: 2.540 loading class sun/reflect/generics/scope/ConstructorScope
Event: 2.540 loading class sun/reflect/generics/scope/ConstructorScope done
Event: 2.540 loading class sun/reflect/generics/tree/VoidDescriptor
Event: 2.540 loading class sun/reflect/generics/tree/VoidDescriptor done


Dynamic libraries:
0x00007ff7a0da0000 - 0x00007ff7a0daf000 	D:\Program Files\Java\jdk-15.0.2\bin\java.exe
0x00007ffa313c0000 - 0x00007ffa315b0000 	C:\Windows\SYSTEM32\ntdll.dll
0x00007ffa30060000 - 0x00007ffa30112000 	C:\Windows\System32\KERNEL32.DLL
0x00007ffa2e350000 - 0x00007ffa2e5f5000 	C:\Windows\System32\KERNELBASE.dll
0x00007ffa2ea70000 - 0x00007ffa2eb6a000 	C:\Windows\System32\ucrtbase.dll
0x00007ffa28100000 - 0x00007ffa28119000 	D:\Program Files\Java\jdk-15.0.2\bin\VCRUNTIME140.dll
0x00007ffa26260000 - 0x00007ffa26278000 	D:\Program Files\Java\jdk-15.0.2\bin\jli.dll
0x00007ffa2f470000 - 0x00007ffa2f513000 	C:\Windows\System32\ADVAPI32.dll
0x00007ffa310a0000 - 0x00007ffa3113e000 	C:\Windows\System32\msvcrt.dll
0x00007ffa311b0000 - 0x00007ffa31247000 	C:\Windows\System32\sechost.dll
0x00007ffa30890000 - 0x00007ffa309b0000 	C:\Windows\System32\RPCRT4.dll
0x00007ffa302d0000 - 0x00007ffa30465000 	C:\Windows\System32\USER32.dll
0x00007ffa2f2f0000 - 0x00007ffa2f311000 	C:\Windows\System32\win32u.dll
0x00007ffa305a0000 - 0x00007ffa305c6000 	C:\Windows\System32\GDI32.dll
0x00007ffa2e600000 - 0x00007ffa2e796000 	C:\Windows\System32\gdi32full.dll
0x00007ffa2e970000 - 0x00007ffa2ea0e000 	C:\Windows\System32\msvcp_win.dll
0x00007ffa284c0000 - 0x00007ffa284ca000 	C:\Windows\SYSTEM32\VERSION.dll
0x00007ffa22040000 - 0x00007ffa222c4000 	C:\Windows\WinSxS\amd64_microsoft.windows.common-controls_6595b64144ccf1df_6.0.18362.1082_none_9e8193e1e45b25c1\COMCTL32.dll
0x00007ffa2f5a0000 - 0x00007ffa2f8d5000 	C:\Windows\System32\combase.dll
0x00007ffa2e8f0000 - 0x00007ffa2e970000 	C:\Windows\System32\bcryptPrimitives.dll
0x00007ffa2feb0000 - 0x00007ffa2fede000 	C:\Windows\System32\IMM32.DLL
0x00007ffa1a690000 - 0x00007ffa1a69c000 	D:\Program Files\Java\jdk-15.0.2\bin\vcruntime140_1.dll
0x00007ffa0a530000 - 0x00007ffa0a5c1000 	D:\Program Files\Java\jdk-15.0.2\bin\msvcp140.dll
0x00007ff9d6300000 - 0x00007ff9d6e5e000 	D:\Program Files\Java\jdk-15.0.2\bin\server\jvm.dll
0x00007ffa2fa30000 - 0x00007ffa2fa38000 	C:\Windows\System32\PSAPI.DLL
0x00007ffa22010000 - 0x00007ffa22019000 	C:\Windows\SYSTEM32\WSOCK32.dll
0x00007ffa2c1c0000 - 0x00007ffa2c1e4000 	C:\Windows\SYSTEM32\WINMM.dll
0x00007ffa31140000 - 0x00007ffa311af000 	C:\Windows\System32\WS2_32.dll
0x00007ffa2c190000 - 0x00007ffa2c1bd000 	C:\Windows\SYSTEM32\winmmbase.dll
0x00007ffa2e870000 - 0x00007ffa2e8ba000 	C:\Windows\System32\cfgmgr32.dll
0x00007ffa2e290000 - 0x00007ffa2e2a1000 	C:\Windows\System32\kernel.appcore.dll
0x00007ffa1a070000 - 0x00007ffa1a07a000 	D:\Program Files\Java\jdk-15.0.2\bin\jimage.dll
0x00007ffa158f0000 - 0x00007ffa15ae4000 	C:\Windows\SYSTEM32\DBGHELP.DLL
0x00007ffa158c0000 - 0x00007ffa158ea000 	C:\Windows\SYSTEM32\dbgcore.DLL
0x00007ffa16f30000 - 0x00007ffa16f55000 	D:\Program Files\Java\jdk-15.0.2\bin\java.dll
0x00007ffa309b0000 - 0x00007ffa31097000 	C:\Windows\System32\SHELL32.dll
0x00007ffa2ffb0000 - 0x00007ffa30059000 	C:\Windows\System32\shcore.dll
0x00007ffa2eb70000 - 0x00007ffa2f2f0000 	C:\Windows\System32\windows.storage.dll
0x00007ffa2e320000 - 0x00007ffa2e343000 	C:\Windows\System32\profapi.dll
0x00007ffa2e2b0000 - 0x00007ffa2e2fa000 	C:\Windows\System32\powrprof.dll
0x00007ffa2e280000 - 0x00007ffa2e290000 	C:\Windows\System32\UMPDC.dll
0x00007ffa30790000 - 0x00007ffa307e2000 	C:\Windows\System32\shlwapi.dll
0x00007ffa2e850000 - 0x00007ffa2e867000 	C:\Windows\System32\cryptsp.dll
0x00007ffa18060000 - 0x00007ffa18079000 	D:\Program Files\Java\jdk-15.0.2\bin\net.dll
0x00007ffa25ae0000 - 0x00007ffa25bd0000 	C:\Windows\SYSTEM32\WINHTTP.dll
0x00007ffa2dad0000 - 0x00007ffa2db37000 	C:\Windows\system32\mswsock.dll
0x00007ffa17050000 - 0x00007ffa17062000 	D:\Program Files\Java\jdk-15.0.2\bin\nio.dll
0x00007ffa16f10000 - 0x00007ffa16f28000 	D:\Program Files\Java\jdk-15.0.2\bin\zip.dll
0x00007ffa18660000 - 0x00007ffa18670000 	D:\Program Files\Java\jdk-15.0.2\bin\verify.dll
0x00007ffa2d7e0000 - 0x00007ffa2d81a000 	C:\Windows\SYSTEM32\IPHLPAPI.DLL
0x00007ffa307f0000 - 0x00007ffa307f8000 	C:\Windows\System32\NSI.dll
0x00007ffa28480000 - 0x00007ffa28496000 	C:\Windows\SYSTEM32\dhcpcsvc6.DLL
0x00007ffa28590000 - 0x00007ffa285ac000 	C:\Windows\SYSTEM32\dhcpcsvc.DLL
0x00007ffa2d820000 - 0x00007ffa2d8eb000 	C:\Windows\SYSTEM32\DNSAPI.dll
0x00007ffa2d640000 - 0x00007ffa2d673000 	C:\Windows\system32\rsaenh.dll
0x00007ffa2e8c0000 - 0x00007ffa2e8e6000 	C:\Windows\System32\bcrypt.dll
0x00007ffa2e1a0000 - 0x00007ffa2e1c5000 	C:\Windows\SYSTEM32\USERENV.dll
0x00007ffa2dca0000 - 0x00007ffa2dcac000 	C:\Windows\SYSTEM32\CRYPTBASE.dll
0x00007ffa18880000 - 0x00007ffa18889000 	D:\Program Files\Java\jdk-15.0.2\bin\management.dll
0x00007ffa18630000 - 0x00007ffa1863b000 	D:\Program Files\Java\jdk-15.0.2\bin\management_ext.dll
0x00007ffa13200000 - 0x00007ffa13216000 	C:\Windows\system32\napinsp.dll
0x00007ffa131e0000 - 0x00007ffa131fa000 	C:\Windows\system32\pnrpnsp.dll
0x00007ffa131a0000 - 0x00007ffa131ae000 	C:\Windows\System32\winrnr.dll
0x00007ffa2a9a0000 - 0x00007ffa2a9bc000 	C:\Windows\system32\NLAapi.dll
0x00007ffa13180000 - 0x00007ffa13195000 	C:\Windows\system32\wshbth.dll
0x00007ffa23810000 - 0x00007ffa2381a000 	C:\Windows\System32\rasadhlp.dll
0x00007ffa27800000 - 0x00007ffa27877000 	C:\Windows\System32\fwpuclnt.dll

dbghelp: loaded successfully - version: 4.0.5 - missing functions: none
symbol engine: initialized successfully - sym options: 0x614 - pdb path: .;D:\Program Files\Java\jdk-15.0.2\bin;C:\Windows\SYSTEM32;C:\Windows\WinSxS\amd64_microsoft.windows.common-controls_6595b64144ccf1df_6.0.18362.1082_none_9e8193e1e45b25c1;D:\Program Files\Java\jdk-15.0.2\bin\server

VM Arguments:
jvm_args: -Dorg.gradle.native=false -Xmx512m -Dfile.encoding=x-windows-949 -Duser.country=KR -Duser.language=ko -Duser.variant -ea 
java_command: worker.org.gradle.process.internal.worker.GradleWorkerMain 'Gradle Test Executor 1'
java_class_path (initial): C:\\Users\\deathang\\.gradle\\caches\\6.8.3\\workerMain\\gradle-worker.jar;D:\\Users\\deathang\\IdeaProjects\\study\\build\\classes\\java\\test;D:\\Users\\deathang\\IdeaProjects\\study\\build\\resources\\test;D:\\Users\\deathang\\IdeaProjects\\study\\build\\classes\\java\\main;D:\\Users\\deathang\\IdeaProjects\\study\\build\\resources\\main;C:\\Users\\deathang\\.gradle\\caches\\modules-2\\files-2.1\\org.springframework.boot\\spring-boot-starter-data-jpa\\2.4.4\\467d100d81d955308bf5a32067f6e620dbeda815\\spring-boot-starter-data-jpa-2.4.4.jar;C:\\Users\\deathang\\.gradle\\caches\\modules-2\\files-2.1\\mysql\\mysql-connector-java\\8.0.23\\14d64ac509adccaff444513c12646d93e4ed8be8\\mysql-connector-java-8.0.23.jar;C:\\Users\\deathang\\.gradle\\caches\\modules-2\\files-2.1\\org.springframework.boot\\spring-boot-starter-thymeleaf\\2.4.4\\b6cfa0786720394dea233a85c06774bae4f26732\\spring-boot-starter-thymeleaf-2.4.4.jar;C:\\Users\\deathang\\.gradle\\caches\\modules-2\\files-2.1\\org.projectlombok\\lombok\\1.18.10\\625fc0055674dff70dbc76efa36d0f2c89b04a24\\lombok-1.18.10.jar;C:\\Users\\deathang\\.gradle\\caches\\modules-2\\files-2.1\\org.springframework.boot\\spring-boot-starter-web\\2.4.4\\8b84b6800a0b72d644d77aea3df0bf02008096a7\\spring-boot-starter-web-2.4.4.jar;C:\\Users\\deathang\\.gradle\\caches\\modules-2\\files-2.1\\org.springframework.boot\\spring-boot-starter-test\\2.4.4\\bf35adef93978c3e8458e4e12a3c220641e8b461\\spring-boot-starter-test-2.4.4.jar;C:\\Users\\deathang\\.gradle\\caches\\modules-2\\files-2.1\\org.springframework.boot\\spring-boot-starter-aop\\2.4.4\\27943de19956db32ef653315894f37182bc4b437\\spring-boot-starter-aop-2.4.4.jar;C:\\Users\\deathang\\.gradle\\caches\\modules-2\\files-2.1\\org.springframework.boot\\spring-boot-starter-jdbc\\2.4.4\\7e807b3be69cfd5bc375282aaf19eb79ed59908a\\spring-boot-starter-jdbc-2.4.4.jar;C:\\Users\\deathang\\.gradle\\caches\\modules-2\\files-2.1\\jakarta.transaction\\jakarta.transaction-api\\1.3.
Launcher Type: SUN_STANDARD

[Global flags]
     intx CICompilerCount                          = 3                                         {product} {ergonomic}
     uint ConcGCThreads                            = 1                                         {product} {ergonomic}
     uint G1ConcRefinementThreads                  = 4                                         {product} {ergonomic}
   size_t G1HeapRegionSize                         = 1048576                                   {product} {ergonomic}
    uintx GCDrainStackTargetSize                   = 64                                        {product} {ergonomic}
   size_t InitialHeapSize                          = 234881024                                 {product} {ergonomic}
   size_t MarkStackSize                            = 4194304                                   {product} {ergonomic}
   size_t MaxHeapSize                              = 536870912                                 {product} {command line}
   size_t MaxNewSize                               = 321912832                                 {product} {ergonomic}
   size_t MinHeapDeltaBytes                        = 1048576                                   {product} {ergonomic}
   size_t MinHeapSize                              = 8388608                                   {product} {ergonomic}
    uintx NonNMethodCodeHeapSize                   = 5832780                                {pd product} {ergonomic}
    uintx NonProfiledCodeHeapSize                  = 122912730                              {pd product} {ergonomic}
    uintx ProfiledCodeHeapSize                     = 122912730                              {pd product} {ergonomic}
    uintx ReservedCodeCacheSize                    = 251658240                              {pd product} {ergonomic}
     bool SegmentedCodeCache                       = true                                      {product} {ergonomic}
   size_t SoftMaxHeapSize                          = 536870912                              {manageable} {ergonomic}
     bool UseCompressedClassPointers               = true                                 {lp64_product} {ergonomic}
     bool UseCompressedOops                        = true                                 {lp64_product} {ergonomic}
     bool UseG1GC                                  = true                                      {product} {ergonomic}
     bool UseLargePagesIndividualAllocation        = false                                  {pd product} {ergonomic}

Logging:
Log output configuration:
 #0: stdout all=warning uptime,level,tags
 #1: stderr all=off uptime,level,tags

Environment Variables:
PATH=C:\Program Files (x86)\Common Files\Oracle\Java\javapath;C:\Program Files\Common Files\Oracle\Java\javapath;C:\ProgramData\Anaconda3;C:\ProgramData\Anaconda3\Library\mingw-w64\bin;C:\ProgramData\Anaconda3\Library\usr\bin;C:\ProgramData\Anaconda3\Library\bin;C:\ProgramData\Anaconda3\Scripts;C:\Windows\system32;C:\Windows;C:\Windows\System32\Wbem;C:\Windows\System32\WindowsPowerShell\v1.0\;C:\Windows\System32\OpenSSH\;C:\Program Files\dotnet\;C:\Program Files (x86)\NVIDIA Corporation\PhysX\Common;C:\Program Files\NVIDIA Corporation\NVIDIA NvDLISR;C:\Program Files\MySQL\MySQL Shell 8.0\bin\;C:\Users\deathang\AppData\Local\Microsoft\WindowsApps;D:\Program Files\JetBrains\IntelliJ IDEA 2020.3.3\bin;;C:\Users\deathang\AppData\Local\GitHubDesktop\bin
USERNAME=deathang
OS=Windows_NT
PROCESSOR_IDENTIFIER=Intel64 Family 6 Model 58 Stepping 9, GenuineIntel



---------------  S Y S T E M  ---------------

OS:
 Windows 10 , 64 bit Build 18362 (10.0.18362.1082)
OS uptime: 40 days 4:08 hours

CPU: total 4 (initial active 4) (4 cores per cpu, 1 threads per core) family 6 model 58 stepping 9 microcode 0x21, cmov, cx8, fxsr, mmx, sse, sse2, sse3, ssse3, sse4.1, sse4.2, popcnt, vzeroupper, avx, aes, clmul, erms, tsc, tscinvbit, tscinv, clflush

Memory: 4k page, system-wide physical 14301M (3268M free)
TotalPageFile size 29563M (AvailPageFile size 6M)
current process WorkingSet (physical memory assigned to process): 121M, peak: 121M
current process commit charge ("private bytes"): 359M, peak: 360M

vm_info: Java HotSpot(TM) 64-Bit Server VM (15.0.2+7-27) for windows-amd64 JRE (15.0.2+7-27), built on Dec  7 2020 20:07:01 by "mach5one" with unknown MS VC++:1925

END.
